Start testing: Apr 16 19:04 PDT
----------------------------------------------------------
1/4 Testing: FVCOM_test
1/4 Test: FVCOM_test
Command: "/Users/branch/projs/ocean_worlds/ocean_models/build/ocean_models/FVCOM_test"
Directory: /Users/branch/projs/ocean_worlds/ocean_models/build/ocean_models
"FVCOM_test" start time: Apr 16 19:04 PDT
Output:
----------------------------------------------------------
[==========] Running 7 tests from 1 test suite.
[----------] Global test environment set-up.
[----------] 7 tests from FVCOMTest
[ RUN      ] FVCOMTest.XYInterpolation
[       OK ] FVCOMTest.XYInterpolation (59 ms)
[ RUN      ] FVCOMTest.TimeInterpolation
[       OK ] FVCOMTest.TimeInterpolation (239 ms)
[ RUN      ] FVCOMTest.DepthInterpolation
[       OK ] FVCOMTest.DepthInterpolation (0 ms)
[ RUN      ] FVCOMTest.AllInterpolation
[       OK ] FVCOMTest.AllInterpolation (0 ms)
[ RUN      ] FVCOMTest.GetDataMultipleFiles
[       OK ] FVCOMTest.GetDataMultipleFiles (93 ms)
[ RUN      ] FVCOMTest.OutOfModelBounds
[       OK ] FVCOMTest.OutOfModelBounds (3 ms)
[ RUN      ] FVCOMTest.ModelEdge
[       OK ] FVCOMTest.ModelEdge (4 ms)
[----------] 7 tests from FVCOMTest (398 ms total)

[----------] Global test environment tear-down
[==========] 7 tests from 1 test suite ran. (398 ms total)
[  PASSED  ] 7 tests.
<end of output>
Test time =   5.08 sec
----------------------------------------------------------
Test Passed.
"FVCOM_test" end time: Apr 16 19:04 PDT
"FVCOM_test" time elapsed: 00:00:05
----------------------------------------------------------

2/4 Testing: FVCOMChunk_test
2/4 Test: FVCOMChunk_test
Command: "/Users/branch/projs/ocean_worlds/ocean_models/build/ocean_models/FVCOMChunk_test"
Directory: /Users/branch/projs/ocean_worlds/ocean_models/build/ocean_models
"FVCOMChunk_test" start time: Apr 16 19:04 PDT
Output:
----------------------------------------------------------
[==========] Running 2 tests from 1 test suite.
[----------] Global test environment set-up.
[----------] 2 tests from FCVOMChunkTest
[ RUN      ] FCVOMChunkTest.GetNodeData
[       OK ] FCVOMChunkTest.GetNodeData (68 ms)
[ RUN      ] FCVOMChunkTest.GetTriangleData
[       OK ] FCVOMChunkTest.GetTriangleData (46 ms)
[----------] 2 tests from FCVOMChunkTest (114 ms total)

[----------] Global test environment tear-down
[==========] 2 tests from 1 test suite ran. (114 ms total)
[  PASSED  ] 2 tests.
<end of output>
Test time =   0.31 sec
----------------------------------------------------------
Test Passed.
"FVCOMChunk_test" end time: Apr 16 19:04 PDT
"FVCOMChunk_test" time elapsed: 00:00:00
----------------------------------------------------------

3/4 Testing: FVCOMStructure_test
3/4 Test: FVCOMStructure_test
Command: "/Users/branch/projs/ocean_worlds/ocean_models/build/ocean_models/FVCOMStructure_test"
Directory: /Users/branch/projs/ocean_worlds/ocean_models/build/ocean_models
"FVCOMStructure_test" start time: Apr 16 19:04 PDT
Output:
----------------------------------------------------------
[==========] Running 14 tests from 2 test suites.
[----------] Global test environment set-up.
[----------] 12 tests from FVCOMStructureTest
[ RUN      ] FVCOMStructureTest.InterpolateTime
[       OK ] FVCOMStructureTest.InterpolateTime (0 ms)
[ RUN      ] FVCOMStructureTest.GetTriangleSiglayPlane
[       OK ] FVCOMStructureTest.GetTriangleSiglayPlane (0 ms)
[ RUN      ] FVCOMStructureTest.CreatePlane
[       OK ] FVCOMStructureTest.CreatePlane (0 ms)
[ RUN      ] FVCOMStructureTest.InterpolateSiglay
[       OK ] FVCOMStructureTest.InterpolateSiglay (0 ms)
[ RUN      ] FVCOMStructureTest.GetClosestTime
[       OK ] FVCOMStructureTest.GetClosestTime (0 ms)
[ RUN      ] FVCOMStructureTest.PointInTriangle
[       OK ] FVCOMStructureTest.PointInTriangle (0 ms)
[ RUN      ] FVCOMStructureTest.GetContainingTriangle
[       OK ] FVCOMStructureTest.GetContainingTriangle (0 ms)
[ RUN      ] FVCOMStructureTest.GetClosestNode
[       OK ] FVCOMStructureTest.GetClosestNode (0 ms)
[ RUN      ] FVCOMStructureTest.Distance
[       OK ] FVCOMStructureTest.Distance (0 ms)
[ RUN      ] FVCOMStructureTest.GetChunkForNode
[       OK ] FVCOMStructureTest.GetChunkForNode (0 ms)
[ RUN      ] FVCOMStructureTest.GetChunkForTriangle
[       OK ] FVCOMStructureTest.GetChunkForTriangle (0 ms)
[ RUN      ] FVCOMStructureTest.PointInModel
[       OK ] FVCOMStructureTest.PointInModel (0 ms)
[----------] 12 tests from FVCOMStructureTest (1 ms total)

[----------] 2 tests from FCVOMStructureTest
[ RUN      ] FCVOMStructureTest.GetClosestNodeSiglay
[       OK ] FCVOMStructureTest.GetClosestNodeSiglay (0 ms)
[ RUN      ] FCVOMStructureTest.GetClosestTriangleSiglay
[       OK ] FCVOMStructureTest.GetClosestTriangleSiglay (0 ms)
[----------] 2 tests from FCVOMStructureTest (0 ms total)

[----------] Global test environment tear-down
[==========] 14 tests from 2 test suites ran. (1 ms total)
[  PASSED  ] 14 tests.
<end of output>
Test time =   2.39 sec
----------------------------------------------------------
Test Passed.
"FVCOMStructure_test" end time: Apr 16 19:04 PDT
"FVCOMStructure_test" time elapsed: 00:00:02
----------------------------------------------------------

4/4 Testing: lru_cache_test
4/4 Test: lru_cache_test
Command: "/Users/branch/projs/ocean_worlds/ocean_models/build/ocean_models/lru_cache_test"
Directory: /Users/branch/projs/ocean_worlds/ocean_models/build/ocean_models
"lru_cache_test" start time: Apr 16 19:04 PDT
Output:
----------------------------------------------------------
[==========] Running 4 tests from 1 test suite.
[----------] Global test environment set-up.
[----------] 4 tests from LRUCacheTest
[ RUN      ] LRUCacheTest.SimplePut
[       OK ] LRUCacheTest.SimplePut (0 ms)
[ RUN      ] LRUCacheTest.MissingValue
[       OK ] LRUCacheTest.MissingValue (0 ms)
[ RUN      ] LRUCacheTest.KeepsAllValuesWithinCapacity
[       OK ] LRUCacheTest.KeepsAllValuesWithinCapacity (0 ms)
[ RUN      ] LRUCacheTest.KeepLastUsed
[       OK ] LRUCacheTest.KeepLastUsed (0 ms)
[----------] 4 tests from LRUCacheTest (0 ms total)

[----------] Global test environment tear-down
[==========] 4 tests from 1 test suite ran. (1 ms total)
[  PASSED  ] 4 tests.
<end of output>
Test time =   0.02 sec
----------------------------------------------------------
Test Passed.
"lru_cache_test" end time: Apr 16 19:04 PDT
"lru_cache_test" time elapsed: 00:00:00
----------------------------------------------------------

End testing: Apr 16 19:04 PDT
